0,0,0,0,0,0,0,Fri Nov 25 11:14:05 2016
0,0,0,0,0,0,0,Fri Nov 25 11:14:52 2016
0,0,0,0,0,0,0,Fri Nov 25 11:19:53 2016
0,0,0,0,0,0,0,Fri Nov 25 11:24:53 2016
0,0,0,0,0,0,0,Fri Nov 25 11:29:54 2016
0,0,0,0,0,0,0,Fri Nov 25 11:34:55 2016
0,0,0,0,0,0,0,Fri Nov 25 11:39:55 2016
0,0,0,0,0,0,0,Fri Nov 25 11:44:56 2016
0,0,0,0,0,0,0,Fri Nov 25 11:49:56 2016
0,0,0,0,0,0,0,Fri Nov 25 11:54:57 2016
0,0,0,0,0,0,0,Fri Nov 25 11:59:57 2016
0,0,0,0,0,0,0,Fri Nov 25 12:04:58 2016
0,0,0,0,0,0,0,Fri Nov 25 12:09:58 2016
0,0,0,0,0,0,0,Fri Nov 25 12:14:59 2016
0,0,0,0,0,0,0,Fri Nov 25 12:19:59 2016
0,0,0,0,0,0,0,Fri Nov 25 12:25:00 2016
0,0,0,0,0,0,0,Fri Nov 25 12:30:00 2016
0,0,0,0,0,0,0,Fri Nov 25 12:35:01 2016
0,0,0,0,0,0,0,Fri Nov 25 12:40:01 2016
0,0,0,0,0,0,0,Fri Nov 25 12:45:02 2016
0,0,0,0,0,0,0,Fri Nov 25 12:50:03 2016
0,0,0,0,0,0,0,Fri Nov 25 12:55:03 2016
0,0,0,0,0,0,0,Fri Nov 25 13:00:04 2016
0,0,0,0,0,0,0,Fri Nov 25 13:05:04 2016
0,0,0,0,0,0,0,Fri Nov 25 13:10:05 2016
0,0,0,0,0,0,0,Fri Nov 25 13:15:05 2016
0,0,0,0,0,0,0,Fri Nov 25 13:20:06 2016
0,0,0,0,0,0,0,Fri Nov 25 13:22:15 2016
0,0,0,0,0,0,0,Fri Nov 25 22:11:27 2016
0,0,0,0,0,0,0,Fri Nov 25 22:28:26 2016
0,0,0,0,0,0,0,Fri Nov 25 22:29:40 2016
0,0,0,0,0,0,0,Sat Nov 26 12:56:25 2016
0,0,0,0,0,0,0,Sat Nov 26 13:03:21 2016
0,0,0,0,0,0,0,Sat Nov 26 13:27:09 2016
0,0,0,0,0,0,0,Sat Nov 26 22:22:58 2016
0,0,0,0,0,0,0,Sat Nov 26 22:30:17 2016
0,0,0,0,0,0,0,Sat Nov 26 22:31:29 2016
24304,0,0,2689,6169,2589,0,Sat Nov 26 22:36:29 2016
1863,0,0,0,0,354,0,Sat Nov 26 22:41:29 2016
90,0,0,0,0,177,0,Sat Nov 26 22:46:30 2016
30,0,0,0,0,59,0,Sat Nov 26 22:51:31 2016
0,0,0,0,0,0,0,Sat Nov 26 22:56:31 2016
202,0,0,0,0,0,49,Sat Nov 26 23:01:32 2016
0,0,0,0,0,0,0,Sat Nov 26 23:06:32 2016
0,0,0,0,0,0,0,Sat Nov 26 23:11:33 2016
0,0,0,0,0,0,0,Sat Nov 26 23:16:33 2016
0,0,0,0,0,0,0,Sat Nov 26 23:21:34 2016
0,0,0,0,0,0,0,Sat Nov 26 23:26:34 2016
0,0,0,0,0,0,0,Sat Nov 26 23:31:35 2016
0,0,0,0,0,0,0,Sat Nov 26 23:36:35 2016
0,0,0,0,0,0,0,Sat Nov 26 23:41:36 2016
0,0,0,0,0,0,0,Sat Nov 26 23:46:36 2016
0,0,0,0,0,0,0,Sat Nov 26 23:51:37 2016
0,0,0,0,0,0,0,Sat Nov 26 23:56:38 2016
0,0,0,0,0,0,0,Sun Nov 27 00:01:38 2016
0,0,0,0,0,0,0,Sun Nov 27 00:06:39 2016
0,0,0,0,0,0,0,Sun Nov 27 01:08:32 2016
4274,0,0,846,1777,405,0,Sun Nov 27 01:13:33 2016
0,0,0,0,0,0,0,Sun Nov 27 01:18:33 2016
49,0,0,0,0,81,0,Sun Nov 27 01:23:34 2016
51,0,0,0,0,81,0,Sun Nov 27 01:28:35 2016
0,0,0,0,0,0,0,Sun Nov 27 01:33:35 2016
49,0,0,0,0,81,0,Sun Nov 27 01:38:36 2016
0,0,0,0,0,0,0,Sun Nov 27 01:43:36 2016
0,0,0,0,0,0,0,Sun Nov 27 01:48:37 2016
49,0,0,0,0,81,0,Sun Nov 27 01:53:37 2016
1467,0,0,423,0,162,0,Sun Nov 27 01:58:38 2016
0,0,0,0,0,0,0,Sun Nov 27 01:59:38 2016
0,0,0,0,0,0,0,Sun Nov 27 02:01:34 2016
4694,0,0,1333,2957,980,0,Sun Nov 27 02:06:34 2016
0,0,0,0,0,0,0,Sun Nov 27 02:09:17 2016
20134,0,3757,17286,4701,9243,1106,Sun Nov 27 02:14:18 2016
0,0,0,0,0,0,0,Sun Nov 27 02:18:43 2016
13949,0,0,980,3688,1660,48,Sun Nov 27 02:23:43 2016
10327,0,20837,2041,5417,8251,48,Sun Nov 27 02:28:44 2016
12633,0,17012,0,4772,6754,0,Sun Nov 27 02:33:44 2016
8504,0,4054,2811,2382,3852,142,Sun Nov 27 02:38:45 2016
361,0,0,0,0,122,0,Sun Nov 27 02:43:45 2016
0,0,0,0,0,0,0,Sun Nov 27 02:47:20 2016
3887,0,0,520,1844,427,0,Sun Nov 27 02:52:21 2016
0,0,0,0,0,0,0,Sun Nov 27 02:54:29 2016
0,0,0,0,0,0,0,Sun Nov 27 02:56:40 2016
0,0,0,0,0,0,0,Sun Nov 27 03:00:33 2016
9043,0,0,841,6533,1773,0,Sun Nov 27 03:05:34 2016
194,0,0,0,0,247,0,Sun Nov 27 03:10:35 2016
128,0,0,0,0,248,0,Sun Nov 27 03:15:35 2016
131,0,0,0,0,124,0,Sun Nov 27 03:20:36 2016
0,0,0,0,0,0,0,Sun Nov 27 03:23:10 2016
0,0,0,0,0,0,0,Sun Nov 27 03:25:30 2016
0,0,0,0,0,0,0,Sun Nov 27 03:28:58 2016
0,0,0,0,0,0,0,Sun Nov 27 03:30:00 2016
0,0,0,0,0,0,0,Sun Nov 27 03:35:00 2016
0,0,0,0,0,0,0,Sun Nov 27 03:40:01 2016
0,0,0,0,0,0,0,Sun Nov 27 03:45:01 2016
0,0,0,0,0,0,0,Sun Nov 27 03:50:02 2016
0,0,0,0,0,0,0,Sun Nov 27 03:55:02 2016
0,0,0,0,0,0,0,Sun Nov 27 13:58:46 2016
8275,0,0,857,5270,893,0,Sun Nov 27 14:03:46 2016
138,0,0,0,0,236,0,Sun Nov 27 14:08:47 2016
0,0,0,0,0,0,0,Sun Nov 27 14:10:37 2016
5561,0,0,350,1844,446,0,Sun Nov 27 14:15:37 2016
201,0,0,0,0,0,48,Sun Nov 27 14:20:38 2016
0,0,0,0,0,0,0,Sun Nov 27 14:24:16 2016
11247,0,0,1104,5465,1366,142,Sun Nov 27 14:29:16 2016
0,0,0,0,0,0,0,Sun Nov 27 14:39:47 2016
10280,0,28270,1429,3621,9707,0,Sun Nov 27 14:44:48 2016
8069,0,53171,0,0,14002,0,Sun Nov 27 14:49:48 2016
0,0,0,0,0,0,0,Sun Nov 27 14:53:22 2016
0,0,0,0,0,0,0,Sun Nov 27 14:54:28 2016
6200,0,45937,987,3621,13215,0,Sun Nov 27 14:59:29 2016
5615,0,52750,0,0,15008,0,Sun Nov 27 15:04:29 2016
9318,57,43917,0,0,13394,0,Sun Nov 27 15:09:30 2016
0,0,0,0,0,0,0,Sun Nov 27 15:12:33 2016
13415,57,8185,8912,5774,8506,279,Sun Nov 27 15:17:33 2016
5087,0,0,3581,3617,2993,142,Sun Nov 27 15:22:34 2016
0,0,0,0,0,0,0,Sun Nov 27 15:26:48 2016
4699,0,0,5661,3621,2299,0,Sun Nov 27 15:31:48 2016
0,0,0,0,0,0,0,Sun Nov 27 15:33:26 2016
0,0,0,0,0,0,0,Mon Nov 28 12:22:34 2016
0,0,0,0,0,0,0,Mon Nov 28 12:22:52 2016
0,0,0,0,0,0,0,Mon Nov 28 12:24:03 2016
0,0,0,0,0,0,0,Mon Nov 28 16:43:04 2016
0,0,0,0,0,0,0,Mon Nov 28 16:49:08 2016
